<?xml version="1.0" encoding="UTF-8"?>
<!-- Generated by org.testng.reporters.JUnitXMLReporter -->
<testsuite ignored="1" hostname="manishs-MacBook-Air.local" failures="1" tests="1" name="Test" time="26.218" errors="0" timestamp="2023-08-16T10:30:10 IST">
  <testcase classname="com.ebankingprpject.TestCases.TC_003_RegistrationTest" name="test_account_Registration" time="17.594">
    <failure type="java.lang.AssertionError" message="null">
      <![CDATA[java.lang.AssertionError: null
at com.ebankingprpject.TestCases.TC_003_RegistrationTest.test_account_Registration(TC_003_RegistrationTest.java:37)
at java.base/java.util.ArrayList.forEach(ArrayList.java:1511)
... Removed 29 stack frames]]>
    </failure>
  </testcase> <!-- test_account_Registration -->
  <testcase classname="com.ebankingprpject.TestCases.TC_001_LoginTest" name="test_Login" time="0.0">
    <ignored/>
  </testcase> <!-- test_Login -->
</testsuite> <!-- Test -->
